<?xml version="1.0" encoding="UTF-8" ?>
<testsuite failures="2" time="0.473" errors="0" skipped="2" tests="4" name="TestSuite">
  <properties>
    <property name="java.runtime.name" value="Java(TM) SE Runtime Environment"/>
    <property name="sun.boot.library.path" value="/System/Library/Java/JavaVirtualMachines/1.6.0.jdk/Contents/Libraries"/>
    <property name="java.vm.version" value="20.65-b04-462"/>
    <property name="awt.nativeDoubleBuffering" value="true"/>
    <property name="gopherProxySet" value="false"/>
    <property name="mrj.build" value="11M4609"/>
    <property name="java.vm.vendor" value="Apple Inc."/>
    <property name="java.vendor.url" value="http://www.apple.com/"/>
    <property name="path.separator" value=":"/>
    <property name="java.vm.name" value="Java HotSpot(TM) 64-Bit Server VM"/>
    <property name="file.encoding.pkg" value="sun.io"/>
    <property name="user.country" value="ES"/>
    <property name="sun.java.launcher" value="SUN_STANDARD"/>
    <property name="sun.os.patch.level" value="unknown"/>
    <property name="java.vm.specification.name" value="Java Virtual Machine Specification"/>
    <property name="user.dir" value="/Users/miguelangelvilchezminan/Documents/Programacion/workspacePruebasSelenium/EjemploSeleniumGridMavenTestNG"/>
    <property name="java.runtime.version" value="1.6.0_65-b14-462-11M4609"/>
    <property name="java.awt.graphicsenv" value="apple.awt.CGraphicsEnvironment"/>
    <property name="basedir" value="/Users/miguelangelvilchezminan/Documents/Programacion/workspacePruebasSelenium/EjemploSeleniumGridMavenTestNG"/>
    <property name="java.endorsed.dirs" value="/System/Library/Java/JavaVirtualMachines/1.6.0.jdk/Contents/Home/lib/endorsed"/>
    <property name="os.arch" value="x86_64"/>
    <property name="surefire.real.class.path" value="/Users/miguelangelvilchezminan/Documents/Programacion/workspacePruebasSelenium/EjemploSeleniumGridMavenTestNG/target/surefire/surefirebooter427712780097054959.jar"/>
    <property name="java.io.tmpdir" value="/var/folders/4q/csdlhp550rq4n4x68f9hksmm0000gn/T/"/>
    <property name="line.separator" value="
"/>
    <property name="java.vm.specification.vendor" value="Sun Microsystems Inc."/>
    <property name="os.name" value="Mac OS X"/>
    <property name="sun.jnu.encoding" value="MacRoman"/>
    <property name="java.library.path" value=".:/Library/Java/Extensions:/System/Library/Java/Extensions:/usr/lib/java"/>
    <property name="surefire.test.class.path" value="/Users/miguelangelvilchezminan/Documents/Programacion/workspacePruebasSelenium/EjemploSeleniumGridMavenTestNG/target/test-classes:/Users/miguelangelvilchezminan/Documents/Programacion/workspacePruebasSelenium/EjemploSeleniumGridMavenTestNG/target/classes:/Users/miguelangelvilchezminan/.m2/repository/org/seleniumhq/selenium/selenium-java/2.42.2/selenium-java-2.42.2.jar:/Users/miguelangelvilchezminan/.m2/repository/org/seleniumhq/selenium/selenium-chrome-driver/2.42.2/selenium-chrome-driver-2.42.2.jar:/Users/miguelangelvilchezminan/.m2/repository/org/seleniumhq/selenium/selenium-remote-driver/2.42.2/selenium-remote-driver-2.42.2.jar:/Users/miguelangelvilchezminan/.m2/repository/cglib/cglib-nodep/2.1_3/cglib-nodep-2.1_3.jar:/Users/miguelangelvilchezminan/.m2/repository/org/json/json/20080701/json-20080701.jar:/Users/miguelangelvilchezminan/.m2/repository/com/google/guava/guava/15.0/guava-15.0.jar:/Users/miguelangelvilchezminan/.m2/repository/org/seleniumhq/selenium/selenium-htmlunit-driver/2.42.2/selenium-htmlunit-driver-2.42.2.jar:/Users/miguelangelvilchezminan/.m2/repository/net/sourceforge/htmlunit/htmlunit/2.14/htmlunit-2.14.jar:/Users/miguelangelvilchezminan/.m2/repository/xalan/xalan/2.7.1/xalan-2.7.1.jar:/Users/miguelangelvilchezminan/.m2/repository/xalan/serializer/2.7.1/serializer-2.7.1.jar:/Users/miguelangelvilchezminan/.m2/repository/commons-collections/commons-collections/3.2.1/commons-collections-3.2.1.jar:/Users/miguelangelvilchezminan/.m2/repository/org/apache/commons/commons-lang3/3.2.1/commons-lang3-3.2.1.jar:/Users/miguelangelvilchezminan/.m2/repository/org/apache/httpcomponents/httpmime/4.3.2/httpmime-4.3.2.jar:/Users/miguelangelvilchezminan/.m2/repository/commons-codec/commons-codec/1.9/commons-codec-1.9.jar:/Users/miguelangelvilchezminan/.m2/repository/net/sourceforge/htmlunit/htmlunit-core-js/2.14/htmlunit-core-js-2.14.jar:/Users/miguelangelvilchezminan/.m2/repository/xerces/xercesImpl/2.11.0/xercesImpl-2.11.0.jar:/Users/miguelangelvilchezminan/.m2/repository/xml-apis/xml-apis/1.4.01/xml-apis-1.4.01.jar:/Users/miguelangelvilchezminan/.m2/repository/net/sourceforge/nekohtml/nekohtml/1.9.20/nekohtml-1.9.20.jar:/Users/miguelangelvilchezminan/.m2/repository/net/sourceforge/cssparser/cssparser/0.9.13/cssparser-0.9.13.jar:/Users/miguelangelvilchezminan/.m2/repository/org/w3c/css/sac/1.3/sac-1.3.jar:/Users/miguelangelvilchezminan/.m2/repository/commons-logging/commons-logging/1.1.3/commons-logging-1.1.3.jar:/Users/miguelangelvilchezminan/.m2/repository/org/eclipse/jetty/jetty-websocket/8.1.14.v20131031/jetty-websocket-8.1.14.v20131031.jar:/Users/miguelangelvilchezminan/.m2/repository/org/eclipse/jetty/jetty-util/8.1.14.v20131031/jetty-util-8.1.14.v20131031.jar:/Users/miguelangelvilchezminan/.m2/repository/org/eclipse/jetty/jetty-io/8.1.14.v20131031/jetty-io-8.1.14.v20131031.jar:/Users/miguelangelvilchezminan/.m2/repository/org/eclipse/jetty/jetty-http/8.1.14.v20131031/jetty-http-8.1.14.v20131031.jar:/Users/miguelangelvilchezminan/.m2/repository/org/apache/httpcomponents/httpclient/4.3.2/httpclient-4.3.2.jar:/Users/miguelangelvilchezminan/.m2/repository/org/apache/httpcomponents/httpcore/4.3.1/httpcore-4.3.1.jar:/Users/miguelangelvilchezminan/.m2/repository/org/seleniumhq/selenium/selenium-firefox-driver/2.42.2/selenium-firefox-driver-2.42.2.jar:/Users/miguelangelvilchezminan/.m2/repository/commons-io/commons-io/2.4/commons-io-2.4.jar:/Users/miguelangelvilchezminan/.m2/repository/org/apache/commons/commons-exec/1.1/commons-exec-1.1.jar:/Users/miguelangelvilchezminan/.m2/repository/org/seleniumhq/selenium/selenium-ie-driver/2.42.2/selenium-ie-driver-2.42.2.jar:/Users/miguelangelvilchezminan/.m2/repository/net/java/dev/jna/jna/3.4.0/jna-3.4.0.jar:/Users/miguelangelvilchezminan/.m2/repository/net/java/dev/jna/platform/3.4.0/platform-3.4.0.jar:/Users/miguelangelvilchezminan/.m2/repository/org/seleniumhq/selenium/selenium-safari-driver/2.42.2/selenium-safari-driver-2.42.2.jar:/Users/miguelangelvilchezminan/.m2/repository/org/seleniumhq/selenium/selenium-support/2.42.2/selenium-support-2.42.2.jar:/Users/miguelangelvilchezminan/.m2/repository/org/seleniumhq/selenium/selenium-api/2.42.2/selenium-api-2.42.2.jar:/Users/miguelangelvilchezminan/.m2/repository/org/webbitserver/webbit/0.4.14/webbit-0.4.14.jar:/Users/miguelangelvilchezminan/.m2/repository/io/netty/netty/3.5.2.Final/netty-3.5.2.Final.jar:/Users/miguelangelvilchezminan/.m2/repository/org/testng/testng/6.3.1/testng-6.3.1.jar:/Users/miguelangelvilchezminan/.m2/repository/org/beanshell/bsh/2.0b4/bsh-2.0b4.jar:/Users/miguelangelvilchezminan/.m2/repository/com/beust/jcommander/1.12/jcommander-1.12.jar:/Users/miguelangelvilchezminan/.m2/repository/org/yaml/snakeyaml/1.6/snakeyaml-1.6.jar:/Users/miguelangelvilchezminan/.m2/repository/junit/junit/4.8.1/junit-4.8.1.jar:"/>
    <property name="java.specification.name" value="Java Platform API Specification"/>
    <property name="java.class.version" value="50.0"/>
    <property name="sun.management.compiler" value="HotSpot 64-Bit Tiered Compilers"/>
    <property name="os.version" value="10.9.1"/>
    <property name="user.home" value="/Users/miguelangelvilchezminan"/>
    <property name="user.timezone" value="Europe/Madrid"/>
    <property name="java.awt.printerjob" value="apple.awt.CPrinterJob"/>
    <property name="java.specification.version" value="1.6"/>
    <property name="file.encoding" value="MacRoman"/>
    <property name="user.name" value="miguelangelvilchezminan"/>
    <property name="java.class.path" value="/Users/miguelangelvilchezminan/Documents/Programacion/workspacePruebasSelenium/EjemploSeleniumGridMavenTestNG/target/test-classes:/Users/miguelangelvilchezminan/Documents/Programacion/workspacePruebasSelenium/EjemploSeleniumGridMavenTestNG/target/classes:/Users/miguelangelvilchezminan/.m2/repository/org/seleniumhq/selenium/selenium-java/2.42.2/selenium-java-2.42.2.jar:/Users/miguelangelvilchezminan/.m2/repository/org/seleniumhq/selenium/selenium-chrome-driver/2.42.2/selenium-chrome-driver-2.42.2.jar:/Users/miguelangelvilchezminan/.m2/repository/org/seleniumhq/selenium/selenium-remote-driver/2.42.2/selenium-remote-driver-2.42.2.jar:/Users/miguelangelvilchezminan/.m2/repository/cglib/cglib-nodep/2.1_3/cglib-nodep-2.1_3.jar:/Users/miguelangelvilchezminan/.m2/repository/org/json/json/20080701/json-20080701.jar:/Users/miguelangelvilchezminan/.m2/repository/com/google/guava/guava/15.0/guava-15.0.jar:/Users/miguelangelvilchezminan/.m2/repository/org/seleniumhq/selenium/selenium-htmlunit-driver/2.42.2/selenium-htmlunit-driver-2.42.2.jar:/Users/miguelangelvilchezminan/.m2/repository/net/sourceforge/htmlunit/htmlunit/2.14/htmlunit-2.14.jar:/Users/miguelangelvilchezminan/.m2/repository/xalan/xalan/2.7.1/xalan-2.7.1.jar:/Users/miguelangelvilchezminan/.m2/repository/xalan/serializer/2.7.1/serializer-2.7.1.jar:/Users/miguelangelvilchezminan/.m2/repository/commons-collections/commons-collections/3.2.1/commons-collections-3.2.1.jar:/Users/miguelangelvilchezminan/.m2/repository/org/apache/commons/commons-lang3/3.2.1/commons-lang3-3.2.1.jar:/Users/miguelangelvilchezminan/.m2/repository/org/apache/httpcomponents/httpmime/4.3.2/httpmime-4.3.2.jar:/Users/miguelangelvilchezminan/.m2/repository/commons-codec/commons-codec/1.9/commons-codec-1.9.jar:/Users/miguelangelvilchezminan/.m2/repository/net/sourceforge/htmlunit/htmlunit-core-js/2.14/htmlunit-core-js-2.14.jar:/Users/miguelangelvilchezminan/.m2/repository/xerces/xercesImpl/2.11.0/xercesImpl-2.11.0.jar:/Users/miguelangelvilchezminan/.m2/repository/xml-apis/xml-apis/1.4.01/xml-apis-1.4.01.jar:/Users/miguelangelvilchezminan/.m2/repository/net/sourceforge/nekohtml/nekohtml/1.9.20/nekohtml-1.9.20.jar:/Users/miguelangelvilchezminan/.m2/repository/net/sourceforge/cssparser/cssparser/0.9.13/cssparser-0.9.13.jar:/Users/miguelangelvilchezminan/.m2/repository/org/w3c/css/sac/1.3/sac-1.3.jar:/Users/miguelangelvilchezminan/.m2/repository/commons-logging/commons-logging/1.1.3/commons-logging-1.1.3.jar:/Users/miguelangelvilchezminan/.m2/repository/org/eclipse/jetty/jetty-websocket/8.1.14.v20131031/jetty-websocket-8.1.14.v20131031.jar:/Users/miguelangelvilchezminan/.m2/repository/org/eclipse/jetty/jetty-util/8.1.14.v20131031/jetty-util-8.1.14.v20131031.jar:/Users/miguelangelvilchezminan/.m2/repository/org/eclipse/jetty/jetty-io/8.1.14.v20131031/jetty-io-8.1.14.v20131031.jar:/Users/miguelangelvilchezminan/.m2/repository/org/eclipse/jetty/jetty-http/8.1.14.v20131031/jetty-http-8.1.14.v20131031.jar:/Users/miguelangelvilchezminan/.m2/repository/org/apache/httpcomponents/httpclient/4.3.2/httpclient-4.3.2.jar:/Users/miguelangelvilchezminan/.m2/repository/org/apache/httpcomponents/httpcore/4.3.1/httpcore-4.3.1.jar:/Users/miguelangelvilchezminan/.m2/repository/org/seleniumhq/selenium/selenium-firefox-driver/2.42.2/selenium-firefox-driver-2.42.2.jar:/Users/miguelangelvilchezminan/.m2/repository/commons-io/commons-io/2.4/commons-io-2.4.jar:/Users/miguelangelvilchezminan/.m2/repository/org/apache/commons/commons-exec/1.1/commons-exec-1.1.jar:/Users/miguelangelvilchezminan/.m2/repository/org/seleniumhq/selenium/selenium-ie-driver/2.42.2/selenium-ie-driver-2.42.2.jar:/Users/miguelangelvilchezminan/.m2/repository/net/java/dev/jna/jna/3.4.0/jna-3.4.0.jar:/Users/miguelangelvilchezminan/.m2/repository/net/java/dev/jna/platform/3.4.0/platform-3.4.0.jar:/Users/miguelangelvilchezminan/.m2/repository/org/seleniumhq/selenium/selenium-safari-driver/2.42.2/selenium-safari-driver-2.42.2.jar:/Users/miguelangelvilchezminan/.m2/repository/org/seleniumhq/selenium/selenium-support/2.42.2/selenium-support-2.42.2.jar:/Users/miguelangelvilchezminan/.m2/repository/org/seleniumhq/selenium/selenium-api/2.42.2/selenium-api-2.42.2.jar:/Users/miguelangelvilchezminan/.m2/repository/org/webbitserver/webbit/0.4.14/webbit-0.4.14.jar:/Users/miguelangelvilchezminan/.m2/repository/io/netty/netty/3.5.2.Final/netty-3.5.2.Final.jar:/Users/miguelangelvilchezminan/.m2/repository/org/testng/testng/6.3.1/testng-6.3.1.jar:/Users/miguelangelvilchezminan/.m2/repository/org/beanshell/bsh/2.0b4/bsh-2.0b4.jar:/Users/miguelangelvilchezminan/.m2/repository/com/beust/jcommander/1.12/jcommander-1.12.jar:/Users/miguelangelvilchezminan/.m2/repository/org/yaml/snakeyaml/1.6/snakeyaml-1.6.jar:/Users/miguelangelvilchezminan/.m2/repository/junit/junit/4.8.1/junit-4.8.1.jar:"/>
    <property name="java.vm.specification.version" value="1.0"/>
    <property name="sun.arch.data.model" value="64"/>
    <property name="java.home" value="/System/Library/Java/JavaVirtualMachines/1.6.0.jdk/Contents/Home"/>
    <property name="sun.java.command" value="/Users/miguelangelvilchezminan/Documents/Programacion/workspacePruebasSelenium/EjemploSeleniumGridMavenTestNG/target/surefire/surefirebooter427712780097054959.jar /Users/miguelangelvilchezminan/Documents/Programacion/workspacePruebasSelenium/EjemploSeleniumGridMavenTestNG/target/surefire/surefire8753692401198140219tmp /Users/miguelangelvilchezminan/Documents/Programacion/workspacePruebasSelenium/EjemploSeleniumGridMavenTestNG/target/surefire/surefire268424385084877682tmp"/>
    <property name="java.specification.vendor" value="Sun Microsystems Inc."/>
    <property name="user.language" value="es"/>
    <property name="awt.toolkit" value="apple.awt.CToolkit"/>
    <property name="java.vm.info" value="mixed mode"/>
    <property name="java.version" value="1.6.0_65"/>
    <property name="java.ext.dirs" value="/Library/Java/Extensions:/System/Library/Java/Extensions:/System/Library/Java/JavaVirtualMachines/1.6.0.jdk/Contents/Home/lib/ext"/>
    <property name="sun.boot.class.path" value="/System/Library/Java/JavaVirtualMachines/1.6.0.jdk/Contents/Classes/jsfd.jar:/System/Library/Java/JavaVirtualMachines/1.6.0.jdk/Contents/Classes/classes.jar:/System/Library/Frameworks/JavaVM.framework/Frameworks/JavaRuntimeSupport.framework/Resources/Java/JavaRuntimeSupport.jar:/System/Library/Java/JavaVirtualMachines/1.6.0.jdk/Contents/Classes/ui.jar:/System/Library/Java/JavaVirtualMachines/1.6.0.jdk/Contents/Classes/laf.jar:/System/Library/Java/JavaVirtualMachines/1.6.0.jdk/Contents/Classes/sunrsasign.jar:/System/Library/Java/JavaVirtualMachines/1.6.0.jdk/Contents/Classes/jsse.jar:/System/Library/Java/JavaVirtualMachines/1.6.0.jdk/Contents/Classes/jce.jar:/System/Library/Java/JavaVirtualMachines/1.6.0.jdk/Contents/Classes/charsets.jar"/>
    <property name="java.vendor" value="Apple Inc."/>
    <property name="localRepository" value="/Users/miguelangelvilchezminan/.m2/repository"/>
    <property name="file.separator" value="/"/>
    <property name="java.vendor.url.bug" value="http://bugreport.apple.com/"/>
    <property name="sun.cpu.endian" value="little"/>
    <property name="sun.io.unicode.encoding" value="UnicodeLittle"/>
    <property name="mrj.version" value="1070.1.6.0_65-462"/>
    <property name="sun.cpu.isalist" value=""/>
  </properties>
  <testcase time="0" classname="com.pruebas.seleniumGridTestNG.dataDrivenParallelXML.TestLanzadorIdealistaTestNG" name="generoDriver">
    <skipped/>
  </testcase>
  <testcase time="0.027" classname="com.pruebas.seleniumGridTestNG.dataDrivenParallelXML.TestLanzadorIdealistaTestNG" name="ComprarDeactivateHabitacionVacacional">
    <skipped/>
  </testcase>
  <testcase time="0.044" classname="com.pruebas.seleniumGridTestNG.dataDrivenParallelXML.TestLanzadorIdealistaTestNG" name="tearDown">
    <failure type="java.lang.NullPointerException">java.lang.NullPointerException
	at com.pruebas.seleniumGridTestNG.dataDrivenParallelXML.TestLanzadorIdealistaTestNG.tearDown(TestLanzadorIdealistaTestNG.java:117)
</failure>
  </testcase>
  <testcase time="0.046" classname="com.pruebas.seleniumGridTestNG.dataDrivenParallelXML.TestLanzadorIdealistaTestNG" name="tearDown">
    <failure type="java.lang.NullPointerException">java.lang.NullPointerException
	at com.pruebas.seleniumGridTestNG.dataDrivenParallelXML.TestLanzadorIdealistaTestNG.tearDown(TestLanzadorIdealistaTestNG.java:117)
</failure>
  </testcase>
</testsuite>